<?xml version="1.0" encoding="UTF-8"?>
<testsuite name="com.petstore.storeinfo.DataDrivenUserTest" time="102.576" tests="11" errors="0" skipped="0" failures="0">
  <properties>
[...]
</properties>
  <testcase name="createMultipleUsers[3]" classname="com.petstore.storeinfo.DataDrivenUserTest" time="9.074"/>
  <testcase name="createMultipleUsers[0]" classname="com.petstore.storeinfo.DataDrivenUserTest" time="9.075"/>
  <testcase name="createMultipleUsers[10]" classname="com.petstore.storeinfo.DataDrivenUserTest" time="9.103"/>
  <testcase name="createMultipleUsers[9]" classname="com.petstore.storeinfo.DataDrivenUserTest" time="9.104"/>
  <testcase name="createMultipleUsers[2]" classname="com.petstore.storeinfo.DataDrivenUserTest" time="9.106"/>
  <testcase name="createMultipleUsers[6]" classname="com.petstore.storeinfo.DataDrivenUserTest" time="9.12"/>
  <testcase name="createMultipleUsers[8]" classname="com.petstore.storeinfo.DataDrivenUserTest" time="9.184"/>
  <testcase name="createMultipleUsers[4]" classname="com.petstore.storeinfo.DataDrivenUserTest" time="9.448"/>
  <testcase name="createMultipleUsers[1]" classname="com.petstore.storeinfo.DataDrivenUserTest" time="9.536"/>
  <testcase name="createMultipleUsers[5]" classname="com.petstore.storeinfo.DataDrivenUserTest" time="9.71"/>
  <testcase name="createMultipleUsers[7]" classname="com.petstore.storeinfo.DataDrivenUserTest" time="10.116"/>
</testsuite>