<?xml version="1.0" encoding="UTF-8"?>
<testsuite name="com.petstore.cucumber.CucumberRunner" time="1.668" tests="19" errors="0" skipped="1" failures="2">
  <properties>
    <property name="idea.version" value="2022.2.2"/>
    <property name="java.runtime.name" value="Java(TM) SE Runtime Environment"/>
    <property name="sun.boot.library.path" value="C:\Program Files\Java\jdk1.8.0_121\jre\bin"/>
    <property name="java.vm.version" value="25.121-b13"/>
    <property name="java.vm.vendor" value="Oracle Corporation"/>
    <property name="maven.multiModuleProjectDirectory" value="C:\Users\palak\IdeaProjects\pet-store-serenity-cucumber-wk-19-palakd"/>
    <property name="java.vendor.url" value="http://java.oracle.com/"/>
    <property name="path.separator" value=";"/>
    <property name="guice.disable.misplaced.annotation.check" value="true"/>
    <property name="java.vm.name" value="Java HotSpot(TM) 64-Bit Server VM"/>
    <property name="file.encoding.pkg" value="sun.io"/>
    <property name="user.script" value=""/>
    <property name="user.country" value="GB"/>
    <property name="sun.java.launcher" value="SUN_STANDARD"/>
    <property name="sun.os.patch.level" value=""/>
    <property name="java.vm.specification.name" value="Java Virtual Machine Specification"/>
    <property name="user.dir" value="C:\Users\palak\IdeaProjects\pet-store-serenity-cucumber-wk-19-palakd"/>
    <property name="java.runtime.version" value="1.8.0_121-b13"/>
    <property name="java.awt.graphicsenv" value="sun.awt.Win32GraphicsEnvironment"/>
    <property name="java.endorsed.dirs" value="C:\Program Files\Java\jdk1.8.0_121\jre\lib\endorsed"/>
    <property name="os.arch" value="amd64"/>
    <property name="java.io.tmpdir" value="C:\Users\palak\AppData\Local\Temp\"/>
    <property name="line.separator" value="&#10;"/>
    <property name="java.vm.specification.vendor" value="Oracle Corporation"/>
    <property name="user.variant" value=""/>
    <property name="os.name" value="Windows 10"/>
    <property name="maven.ext.class.path" value="C:\Program Files\JetBrains\IntelliJ IDEA Community Edition 2022.2.2\plugins\maven\lib\maven-event-listener.jar"/>
    <property name="classworlds.conf" value="C:\Program Files\JetBrains\IntelliJ IDEA Community Edition 2022.2.2\plugins\maven\lib\maven3\bin\m2.conf"/>
    <property name="sun.jnu.encoding" value="Cp1252"/>
    <property name="java.library.path" value="C:\Program Files\Java\jdk1.8.0_121\bin;C:\windows\Sun\Java\bin;C:\windows\system32;C:\windows;C:\ProgramData\Oracle\Java\javapath;C:\windows\system32;C:\windows;C:\windows\System32\Wbem;C:\windows\System32\WindowsPowerShell\v1.0\;C:\windows\System32\OpenSSH\;C:\Program Files\Git\cmd;C:\Program Files\Java\jdk1.8.0_121\bin;C:\Program Files\Apache\apache-maven-3.8.6\bin;C:\Program Files\nodejs\;C:\Users\palak\AppData\Local\Microsoft\WindowsApps;C:\Users\palak\AppData\Roaming\npm;."/>
    <property name="maven.conf" value="C:\Program Files\JetBrains\IntelliJ IDEA Community Edition 2022.2.2\plugins\maven\lib\maven3/conf"/>
    <property name="java.specification.name" value="Java Platform API Specification"/>
    <property name="java.class.version" value="52.0"/>
    <property name="sun.management.compiler" value="HotSpot 64-Bit Tiered Compilers"/>
    <property name="os.version" value="10.0"/>
    <property name="user.home" value="C:\Users\palak"/>
    <property name="user.timezone" value="Europe/London"/>
    <property name="java.awt.printerjob" value="sun.awt.windows.WPrinterJob"/>
    <property name="java.specification.version" value="1.8"/>
    <property name="file.encoding" value="UTF-8"/>
    <property name="user.name" value="palak"/>
    <property name="java.class.path" value="C:\Program Files\JetBrains\IntelliJ IDEA Community Edition 2022.2.2\plugins\maven\lib\maven3\boot\plexus-classworlds-2.6.0.jar;C:\Program Files\JetBrains\IntelliJ IDEA Community Edition 2022.2.2\plugins\maven\lib\maven3\boot\plexus-classworlds.license;C:\Program Files\JetBrains\IntelliJ IDEA Community Edition 2022.2.2\lib\idea_rt.jar"/>
    <property name="java.vm.specification.version" value="1.8"/>
    <property name="sun.arch.data.model" value="64"/>
    <property name="java.home" value="C:\Program Files\Java\jdk1.8.0_121\jre"/>
    <property name="sun.java.command" value="org.codehaus.classworlds.Launcher -Didea.version=2022.2.2 clean verify serenity:aggregate"/>
    <property name="java.specification.vendor" value="Oracle Corporation"/>
    <property name="user.language" value="en"/>
    <property name="awt.toolkit" value="sun.awt.windows.WToolkit"/>
    <property name="java.vm.info" value="mixed mode"/>
    <property name="java.version" value="1.8.0_121"/>
    <property name="java.ext.dirs" value="C:\Program Files\Java\jdk1.8.0_121\jre\lib\ext;C:\windows\Sun\Java\lib\ext"/>
    <property name="sun.boot.class.path" value="C:\Program Files\Java\jdk1.8.0_121\jre\lib\resources.jar;C:\Program Files\Java\jdk1.8.0_121\jre\lib\rt.jar;C:\Program Files\Java\jdk1.8.0_121\jre\lib\sunrsasign.jar;C:\Program Files\Java\jdk1.8.0_121\jre\lib\jsse.jar;C:\Program Files\Java\jdk1.8.0_121\jre\lib\jce.jar;C:\Program Files\Java\jdk1.8.0_121\jre\lib\charsets.jar;C:\Program Files\Java\jdk1.8.0_121\jre\lib\jfr.jar;C:\Program Files\Java\jdk1.8.0_121\jre\classes"/>
    <property name="java.vendor" value="Oracle Corporation"/>
    <property name="maven.home" value="C:\Program Files\JetBrains\IntelliJ IDEA Community Edition 2022.2.2\plugins\maven\lib\maven3"/>
    <property name="file.separator" value="\"/>
    <property name="java.vendor.url.bug" value="http://bugreport.sun.com/bugreport/"/>
    <property name="sun.cpu.endian" value="little"/>
    <property name="sun.io.unicode.encoding" value="UnicodeLittle"/>
    <property name="sun.desktop" value="windows"/>
    <property name="sun.cpu.isalist" value="amd64"/>
  </properties>
  <testcase name="When User send a post request to create user" classname="Scenario: As a user I want to check that T can create user" time="0.005"/>
  <testcase name="Then User must be created and validate the response" classname="Scenario: As a user I want to check that T can create user" time="0"/>
  <testcase name="Scenario: As a user I want to check that T can create user" classname="Scenario: As a user I want to check that T can create user" time="1.549"/>
  <testcase name="When User send a get request with username" classname="Scenario: As a user I want to check that user is created" time="0.005">
    <failure message="&#10;Expected: map containing [ANYTHING-&gt;&quot;Parvati&quot;]&#10;     but: map was [&lt;code=1&gt;, &lt;type=error&gt;, &lt;message=User not found&gt;]" type="java.lang.AssertionError"><![CDATA[java.lang.AssertionError: 
Expected: map containing [ANYTHING->"Parvati"]
     but: map was [<code=1>, <type=error>, <message=User not found>]
	at org.hamcrest.MatcherAssert.assertThat(MatcherAssert.java:20)
	at org.junit.Assert.assertThat(Assert.java:956)
	at org.junit.Assert.assertThat(Assert.java:923)
	at com.petstore.cucumber.steps.StepsOfUser.userSendAGetRequestWithUsername(StepsOfUser.java:43)
	at ✽.When User send a get request with username(user.feature:9)
]]></failure>
    <system-out><![CDATA[Request method:	GET
Request URI:	https://petstore.swagger.io/v2/user/Parvati
Proxy:			<none>
Request params:	<none>
Query params:	<none>
Form params:	<none>
Path params:	username=Parvati
Multiparts:		<none>
Headers:		Accept=*/*
Cookies:		<none>
Body:			<none>
]]></system-out>
    <system-err><![CDATA[12533 [main] INFO net.serenitybdd.core.Serenity - 
 _____ _____ ____ _____   ____ _____  _    ____ _____ _____ ____  
|_   _| ____/ ___|_   _| / ___|_   _|/ \  |  _ \_   _| ____|  _ \ 
  | | |  _| \___ \ | |   \___ \ | | / _ \ | |_) || | |  _| | | | |
  | | | |___ ___) || |    ___) || |/ ___ \|  _ < | | | |___| |_| |
  |_| |_____|____/ |_|   |____/ |_/_/   \_\_| \_\|_| |_____|____/ 
                                                                  

TEST STARTED: As a user I want to check that user is created
-------------------------------------------------------------------
]]></system-err>
  </testcase>
  <testcase name="Scenario: As a user I want to check that user is created" classname="Scenario: As a user I want to check that user is created" time="0.006">
    <failure message="&#10;Expected: map containing [ANYTHING-&gt;&quot;Parvati&quot;]&#10;     but: map was [&lt;code=1&gt;, &lt;type=error&gt;, &lt;message=User not found&gt;]" type="java.lang.AssertionError"><![CDATA[java.lang.AssertionError: 
Expected: map containing [ANYTHING->"Parvati"]
     but: map was [<code=1>, <type=error>, <message=User not found>]
	at org.hamcrest.MatcherAssert.assertThat(MatcherAssert.java:20)
	at org.junit.Assert.assertThat(Assert.java:956)
	at org.junit.Assert.assertThat(Assert.java:923)
	at com.petstore.cucumber.steps.StepsOfUser.userSendAGetRequestWithUsername(StepsOfUser.java:43)
	at ✽.When User send a get request with username(user.feature:9)
]]></failure>
  </testcase>
  <testcase name="Then User should get data of created user and validate response code" classname="Scenario: As a user I want to check that user is created" time="0">
    <skipped/>
  </testcase>
  <testcase name="When User send a Put request to upgate user" classname="Scenario: As a user I want to updaet user" time="0"/>
  <testcase name="Then User suould see updated user and validate response" classname="Scenario: As a user I want to updaet user" time="0"/>
  <testcase name="Scenario: As a user I want to updaet user" classname="Scenario: As a user I want to updaet user" time="0.019"/>
  <testcase name="When User send a delete request" classname="Scenario: As a user I want to delete the user" time="0"/>
  <testcase name="Then User should see user is deleted and check status code" classname="Scenario: As a user I want to delete the user" time="0"/>
  <testcase name="Scenario: As a user I want to delete the user" classname="Scenario: As a user I want to delete the user" time="0.02"/>
  <testcase name="When I create a new student by providing the information id &quot;1&quot; username&quot;Parvati&quot;  firstName&quot;Krish&quot; lastName&quot;Patel&quot; email&quot;krish@gmail.com&quot; password&quot;krish123&quot; phone&quot;07896584758&quot; userStatus&quot;1&quot;" classname="| 1 | Parvati | Krish | Patel | krish@gmail.com | krish123 | 07896584758 | 1 |" time="0"/>
  <testcase name="Then I verify that user is created with given firstname" classname="| 1 | Parvati | Krish | Patel | krish@gmail.com | krish123 | 07896584758 | 1 |" time="0"/>
  <testcase name="And I Update user with id &quot;1&quot; username&quot;Parvati&quot;  firstName&quot;Krish&quot; lastName&quot;Patel&quot; email&quot;krish@gmail.com&quot; password&quot;krish123&quot; phone&quot;07896584758&quot; userStatus&quot;1&quot;" classname="| 1 | Parvati | Krish | Patel | krish@gmail.com | krish123 | 07896584758 | 1 |" time="0"/>
  <testcase name="And I check user is updated successfully" classname="| 1 | Parvati | Krish | Patel | krish@gmail.com | krish123 | 07896584758 | 1 |" time="0"/>
  <testcase name="And I delete userwith username" classname="| 1 | Parvati | Krish | Patel | krish@gmail.com | krish123 | 07896584758 | 1 |" time="0"/>
  <testcase name="Then I check user is deleted successfully" classname="| 1 | Parvati | Krish | Patel | krish@gmail.com | krish123 | 07896584758 | 1 |" time="0"/>
  <testcase name="| 1 | Parvati | Krish | Patel | krish@gmail.com | krish123 | 07896584758 | 1 |" classname="| 1 | Parvati | Krish | Patel | krish@gmail.com | krish123 | 07896584758 | 1 |" time="0.064"/>
</testsuite>