<?xml version="1.0" encoding="UTF-8"?>
<testsuite name="com.petstore.cucumber.CucumberRunner" time="1.668" tests="19" errors="0" skipped="1" failures="2">
  <properties>
[...]
</properties>
  <testcase name="When User send a post request to create user" classname="Scenario: As a user I want to check that T can create user" time="0.005"/>
  <testcase name="Then User must be created and validate the response" classname="Scenario: As a user I want to check that T can create user" time="0"/>
  <testcase name="Scenario: As a user I want to check that T can create user" classname="Scenario: As a user I want to check that T can create user" time="1.549"/>
  <testcase name="When User send a get request with username" classname="Scenario: As a user I want to check that user is created" time="0.005">
    <failure message="&#10;Expected: map containing [ANYTHING-&gt;&quot;Parvati&quot;]&#10;     but: map was [&lt;code=1&gt;, &lt;type=error&gt;, &lt;message=User not found&gt;]" type="java.lang.AssertionError"><![CDATA[java.lang.AssertionError: 
Expected: map containing [ANYTHING->"Parvati"]
     but: map was [<code=1>, <type=error>, <message=User not found>]
	at org.hamcrest.MatcherAssert.assertThat(MatcherAssert.java:20)
	at org.junit.Assert.assertThat(Assert.java:956)
	at org.junit.Assert.assertThat(Assert.java:923)
	at com.petstore.cucumber.steps.StepsOfUser.userSendAGetRequestWithUsername(StepsOfUser.java:43)
	at ✽.When User send a get request with username(user.feature:9)
]]></failure>
    <system-out><![CDATA[Request method:	GET
Request URI:	https://petstore.swagger.io/v2/user/Parvati
Proxy:			<none>
Request params:	<none>
Query params:	<none>
Form params:	<none>
Path params:	username=Parvati
Multiparts:		<none>
Headers:		Accept=*/*
Cookies:		<none>
Body:			<none>
]]></system-out>
    <system-err><![CDATA[12533 [main] INFO net.serenitybdd.core.Serenity - 
 _____ _____ ____ _____   ____ _____  _    ____ _____ _____ ____  
|_   _| ____/ ___|_   _| / ___|_   _|/ \  |  _ \_   _| ____|  _ \ 
  | | |  _| \___ \ | |   \___ \ | | / _ \ | |_) || | |  _| | | | |
  | | | |___ ___) || |    ___) || |/ ___ \|  _ < | | | |___| |_| |
  |_| |_____|____/ |_|   |____/ |_/_/   \_\_| \_\|_| |_____|____/ 
                                                                  

TEST STARTED: As a user I want to check that user is created
-------------------------------------------------------------------
]]></system-err>
  </testcase>
  <testcase name="Scenario: As a user I want to check that user is created" classname="Scenario: As a user I want to check that user is created" time="0.006">
    <failure message="&#10;Expected: map containing [ANYTHING-&gt;&quot;Parvati&quot;]&#10;     but: map was [&lt;code=1&gt;, &lt;type=error&gt;, &lt;message=User not found&gt;]" type="java.lang.AssertionError"><![CDATA[java.lang.AssertionError: 
Expected: map containing [ANYTHING->"Parvati"]
     but: map was [<code=1>, <type=error>, <message=User not found>]
	at org.hamcrest.MatcherAssert.assertThat(MatcherAssert.java:20)
	at org.junit.Assert.assertThat(Assert.java:956)
	at org.junit.Assert.assertThat(Assert.java:923)
	at com.petstore.cucumber.steps.StepsOfUser.userSendAGetRequestWithUsername(StepsOfUser.java:43)
	at ✽.When User send a get request with username(user.feature:9)
]]></failure>
  </testcase>
  <testcase name="Then User should get data of created user and validate response code" classname="Scenario: As a user I want to check that user is created" time="0">
    <skipped/>
  </testcase>
  <testcase name="When User send a Put request to upgate user" classname="Scenario: As a user I want to updaet user" time="0"/>
  <testcase name="Then User suould see updated user and validate response" classname="Scenario: As a user I want to updaet user" time="0"/>
  <testcase name="Scenario: As a user I want to updaet user" classname="Scenario: As a user I want to updaet user" time="0.019"/>
  <testcase name="When User send a delete request" classname="Scenario: As a user I want to delete the user" time="0"/>
  <testcase name="Then User should see user is deleted and check status code" classname="Scenario: As a user I want to delete the user" time="0"/>
  <testcase name="Scenario: As a user I want to delete the user" classname="Scenario: As a user I want to delete the user" time="0.02"/>
  <testcase name="When I create a new student by providing the information id &quot;1&quot; username&quot;Parvati&quot;  firstName&quot;Krish&quot; lastName&quot;Patel&quot; email&quot;krish@gmail.com&quot; password&quot;krish123&quot; phone&quot;07896584758&quot; userStatus&quot;1&quot;" classname="| 1 | Parvati | Krish | Patel | krish@gmail.com | krish123 | 07896584758 | 1 |" time="0"/>
  <testcase name="Then I verify that user is created with given firstname" classname="| 1 | Parvati | Krish | Patel | krish@gmail.com | krish123 | 07896584758 | 1 |" time="0"/>
  <testcase name="And I Update user with id &quot;1&quot; username&quot;Parvati&quot;  firstName&quot;Krish&quot; lastName&quot;Patel&quot; email&quot;krish@gmail.com&quot; password&quot;krish123&quot; phone&quot;07896584758&quot; userStatus&quot;1&quot;" classname="| 1 | Parvati | Krish | Patel | krish@gmail.com | krish123 | 07896584758 | 1 |" time="0"/>
  <testcase name="And I check user is updated successfully" classname="| 1 | Parvati | Krish | Patel | krish@gmail.com | krish123 | 07896584758 | 1 |" time="0"/>
  <testcase name="And I delete userwith username" classname="| 1 | Parvati | Krish | Patel | krish@gmail.com | krish123 | 07896584758 | 1 |" time="0"/>
  <testcase name="Then I check user is deleted successfully" classname="| 1 | Parvati | Krish | Patel | krish@gmail.com | krish123 | 07896584758 | 1 |" time="0"/>
  <testcase name="| 1 | Parvati | Krish | Patel | krish@gmail.com | krish123 | 07896584758 | 1 |" classname="| 1 | Parvati | Krish | Patel | krish@gmail.com | krish123 | 07896584758 | 1 |" time="0.064"/>
</testsuite>