<?xml version="1.0" encoding="UTF-8"?><testsuite errors="0" failures="2" name="com.petstore.storeinfo.UserCRUDTest" skipped="0" tests="4" time="13.88" timestamp="2023-01-10T23:24:14.965Z[Europe/London]"><testcase classname="com.petstore.storeinfo.UserCRUDTest" name="This method will create  a user"/><testcase classname="com.petstore.storeinfo.UserCRUDTest" name="This method will verify that user is created"><failure message="1 expectation failed.&#10;Expected status code &lt;200&gt; but was &lt;404&gt;.&#10;" type="java.lang.AssertionError">1 expectation failed.
Expected status code &lt;200&gt; but was &lt;404&gt;.
</failure><system-err>1 expectation failed.
Expected status code &lt;200&gt; but was &lt;404&gt;.
&#13;
io.restassured.internal.ResponseSpecificationImpl.validateResponseIfRequired(ResponseSpecificationImpl.groovy:636)&#13;
io.restassured.internal.ResponseSpecificationImpl.statusCode(ResponseSpecificationImpl.groovy:122)&#13;
io.restassured.internal.ResponseSpecificationImpl.statusCode(ResponseSpecificationImpl.groovy:130)&#13;
io.restassured.internal.ValidatableResponseOptionsImpl.statusCode(ValidatableResponseOptionsImpl.java:117)&#13;
com.petstore.storeinfo.UserCRUDTest.test002(UserCRUDTest.java:42)&#13;
</system-err></testcase><testcase classname="com.petstore.storeinfo.UserCRUDTest" name="This method will update a user and verify that user is created"/><testcase classname="com.petstore.storeinfo.UserCRUDTest" name="This method will delete user"><failure message="1 expectation failed.&#10;Expected status code &lt;200&gt; but was &lt;404&gt;.&#10;" type="java.lang.AssertionError">1 expectation failed.
Expected status code &lt;200&gt; but was &lt;404&gt;.
</failure><system-err>1 expectation failed.
Expected status code &lt;200&gt; but was &lt;404&gt;.
&#13;
io.restassured.internal.ResponseSpecificationImpl.validateResponseIfRequired(ResponseSpecificationImpl.groovy:636)&#13;
io.restassured.internal.ResponseSpecificationImpl.statusCode(ResponseSpecificationImpl.groovy:122)&#13;
io.restassured.internal.ResponseSpecificationImpl.statusCode(ResponseSpecificationImpl.groovy:130)&#13;
io.restassured.internal.ValidatableResponseOptionsImpl.statusCode(ValidatableResponseOptionsImpl.java:117)&#13;
com.petstore.storeinfo.UserCRUDTest.test004(UserCRUDTest.java:69)&#13;
</system-err></testcase></testsuite>