<?xml version="1.0" encoding="UTF-8"?><testsuite errors="0" failures="1" name="Testing different request on user from Petstore" skipped="0" tests="4" time="14.51" timestamp="2023-01-10T23:24:14.926Z[Europe/London]"><testcase name="As a user I want to check that T can create user"/><testcase name="As a user I want to check that user is created"><failure message="&#10;Expected: map containing [ANYTHING-&gt;&quot;Parvati&quot;]&#10;     but: map was [&lt;code=1&gt;, &lt;type=error&gt;, &lt;message=User not found&gt;]" type="java.lang.AssertionError">
Expected: map containing [ANYTHING-&gt;"Parvati"]
     but: map was [&lt;code=1&gt;, &lt;type=error&gt;, &lt;message=User not found&gt;]</failure><system-err>
Expected: map containing [ANYTHING-&gt;"Parvati"]
     but: map was [&lt;code=1&gt;, &lt;type=error&gt;, &lt;message=User not found&gt;]&#13;
com.petstore.cucumber.steps.StepsOfUser.userSendAGetRequestWithUsername(StepsOfUser.java:43)&#13;
✽.When User send a get request with username(user.feature:9)&#13;
</system-err></testcase><testcase name="As a user I want to updaet user"/><testcase name="As a user I want to delete the user"/></testsuite>