<?xml version="1.0" encoding="UTF-8"?><testsuite errors="0" failures="1" name="com.petstore.storeinfo.TagTest" skipped="0" tests="3" time="12.16" timestamp="2023-01-10T23:24:14.890Z[Europe/London]"><testcase classname="com.petstore.storeinfo.TagTest" name="This test will verify if a status code of 200 is returned for post request"><failure message="1 expectation failed.&#10;Expected status code &lt;200&gt; but was &lt;404&gt;.&#10;" type="java.lang.AssertionError">1 expectation failed.
Expected status code &lt;200&gt; but was &lt;404&gt;.
</failure><system-err>1 expectation failed.
Expected status code &lt;200&gt; but was &lt;404&gt;.
&#13;
io.restassured.internal.ResponseSpecificationImpl.validateResponseIfRequired(ResponseSpecificationImpl.groovy:636)&#13;
io.restassured.internal.ResponseSpecificationImpl.statusCode(ResponseSpecificationImpl.groovy:122)&#13;
io.restassured.internal.ResponseSpecificationImpl.statusCode(ResponseSpecificationImpl.groovy:130)&#13;
io.restassured.internal.ValidatableResponseOptionsImpl.statusCode(ValidatableResponseOptionsImpl.java:117)&#13;
com.petstore.storeinfo.TagTest.validMethod(TagTest.java:33)&#13;
</system-err></testcase><testcase classname="com.petstore.storeinfo.TagTest" name="Provide a 405 status code when incorrect HTTP method is used to access resource"/><testcase classname="com.petstore.storeinfo.TagTest" name="This test will provide an error code of 400 when user tries to access an invalid resource"/></testsuite>